\BOOKMARK [0][-]{Doc-Start}{\376\377\000A\000b\000s\000t\000r\000a\000c\000t}{}% 1
\BOOKMARK [0][-]{Doc-Start}{\376\377\000B\000i\000b\000l\000i\000o\000g\000r\000a\000p\000h\000y}{}% 2
\BOOKMARK [0][-]{chapter.1}{\376\377\000I\000n\000t\000r\000o\000d\000u\000c\000t\000i\000o\000n}{}% 3
\BOOKMARK [1][-]{section.1.1}{\376\377\000T\000a\000k\000e\000\040\000t\000h\000e\000\040\000r\000e\000d\000p\000i\000l\000l}{chapter.1}% 4
\BOOKMARK [1][-]{section.1.2}{\376\377\000W\000h\000y\000\040\000a\000n\000o\000t\000h\000e\000r\000\040\000r\000e\000s\000e\000a\000r\000c\000h\000?}{chapter.1}% 5
\BOOKMARK [0][-]{chapter.2}{\376\377\000D\000a\000t\000a}{}% 6
\BOOKMARK [1][-]{section.2.1}{\376\377\000A\000s\000s\000u\000m\000p\000t\000i\000o\000n\000s\000\040\000a\000n\000d\000\040\000c\000o\000l\000l\000e\000c\000t\000i\000o\000n\000\040\000m\000e\000t\000h\000o\000d}{chapter.2}% 7
\BOOKMARK [1][-]{section.2.2}{\376\377\000D\000a\000t\000a\000\040\000o\000v\000e\000r\000v\000i\000e\000w}{chapter.2}% 8
\BOOKMARK [0][-]{chapter.3}{\376\377\000M\000e\000t\000h\000o\000d}{}% 9
\BOOKMARK [1][-]{section.3.1}{\376\377\000N\000o\000d\000e\000\040\000d\000e\000g\000r\000e\000e\000\040\000o\000v\000e\000r\000l\000a\000p}{chapter.3}% 10
\BOOKMARK [1][-]{section.3.2}{\376\377\000C\000o\000m\000m\000u\000n\000i\000t\000y\000\040\000s\000e\000p\000a\000r\000a\000t\000i\000o\000n}{chapter.3}% 11
\BOOKMARK [0][-]{chapter.4}{\376\377\000R\000e\000s\000u\000l\000t\000s\000\040\000a\000n\000d\000\040\000d\000i\000s\000c\000u\000s\000s\000i\000o\000n}{}% 12
\BOOKMARK [1][-]{section.4.1}{\376\377\000N\000o\000d\000e\000\040\000d\000e\000g\000r\000e\000e\000\040\000o\000v\000e\000r\000l\000a\000p}{chapter.4}% 13
\BOOKMARK [1][-]{section.4.2}{\376\377\000C\000o\000m\000m\000u\000n\000i\000t\000y\000\040\000s\000e\000p\000a\000r\000a\000t\000i\000o\000n}{chapter.4}% 14
\BOOKMARK [1][-]{section.4.3}{\376\377\000D\000i\000s\000c\000u\000s\000s\000i\000o\000n}{chapter.4}% 15
\BOOKMARK [1][-]{section.4.4}{\376\377\000L\000i\000m\000i\000t\000s}{chapter.4}% 16
\BOOKMARK [0][-]{chapter.5}{\376\377\000C\000o\000d\000e}{}% 17
\BOOKMARK [0][-]{chapter*.2}{\376\377\000L\000i\000s\000t\000\040\000o\000f\000\040\000F\000i\000g\000u\000r\000e\000s}{}% 18
\BOOKMARK [0][-]{chapter*.3}{\376\377\000L\000i\000s\000t\000\040\000o\000f\000\040\000T\000a\000b\000l\000e\000s}{}% 19
\BOOKMARK [0][-]{chapter*.4}{\376\377\000C\000o\000n\000t\000e\000n\000t\000s}{}% 20
